<?xml version="1.0" encoding="UTF-8"?>
<!-- Generated by org.testng.reporters.JUnitReportReporter -->
<testsuite hostname="Nimer" failures="0" tests="1" name="magento.SignUpProsses" time="0.365" errors="0" timestamp="2023-10-23T11:37:32 EET" skipped="0">
  <testcase classname="magento.SignUpProsses" name="myTest" time="0.365"/>
  <system-out/>
</testsuite> <!-- magento.SignUpProsses -->
