<?xml version="1.0" encoding="UTF-8"?>
<!-- Generated by org.testng.reporters.JUnitReportReporter -->
<testsuite hostname="Nimer" failures="0" tests="1" name="magento.SignUpProsses" time="0.507" errors="0" timestamp="2023-11-20T16:33:23 EET" skipped="0">
  <testcase classname="magento.SignUpProsses" name="myTest" time="0.507"/>
  <system-out/>
</testsuite> <!-- magento.SignUpProsses -->
